<?xml version="1.0" encoding="UTF-8"?>
<testsuite xmlns:xsi="http://www.w3.org/2001/XMLSchema-instance" xsi:noNamespaceSchemaLocation="https://maven.apache.org/surefire/maven-surefire-plugin/xsd/surefire-test-report-3.0.xsd" version="3.0" name="implementaciones.TabulaTest" time="0.186" tests="3" errors="0" skipped="0" failures="0">
  <properties>
[...]
</properties>
  <testcase name="testFuncionLineal" classname="implementaciones.TabulaTest" time="0.096"/>
  <testcase name="testCuadratica" classname="implementaciones.TabulaTest" time="0.006"/>
  <testcase name="testFuncionCoseno" classname="implementaciones.TabulaTest" time="0.005"/>
</testsuite>